<?xml version="1.0" encoding="UTF-8"?>
<testng-results ignored="0" total="1" passed="1" failed="0" skipped="0">
  <reporter-output>
  </reporter-output>
  <suite started-at="2026-04-26T17:00:37 GMT+02:00" name="Default suite" finished-at="2026-04-26T17:00:50 GMT+02:00" duration-ms="12525">
    <groups>
    </groups>
    <test started-at="2026-04-26T17:00:37 GMT+02:00" name="Default test" finished-at="2026-04-26T17:00:50 GMT+02:00" duration-ms="12525">
      <class name="frontgate.ValidLoginTest">
        <test-method is-config="true" signature="setup()[pri:0, instance:frontgate.ValidLoginTest@2aceadd4]" started-at="2026-04-26T17:00:37 GMT+02:00" name="setup" finished-at="2026-04-26T17:00:42 GMT+02:00" duration-ms="5211" status="PASS">
          <reporter-output>
          </reporter-output>
        </test-method> <!-- setup -->
        <test-method signature="validLoginTest()[pri:0, instance:frontgate.ValidLoginTest@2aceadd4]" started-at="2026-04-26T17:00:42 GMT+02:00" name="validLoginTest" finished-at="2026-04-26T17:00:49 GMT+02:00" duration-ms="6586" status="PASS">
          <reporter-output>
          </reporter-output>
        </test-method> <!-- validLoginTest -->
        <test-method is-config="true" signature="tearDown()[pri:0, instance:frontgate.ValidLoginTest@2aceadd4]" started-at="2026-04-26T17:00:49 GMT+02:00" name="tearDown" finished-at="2026-04-26T17:00:50 GMT+02:00" duration-ms="643" status="PASS">
          <reporter-output>
          </reporter-output>
        </test-method> <!-- tearDown -->
      </class> <!-- frontgate.ValidLoginTest -->
    </test> <!-- Default test -->
  </suite> <!-- Default suite -->
</testng-results>
