<?xml version="1.0" encoding="UTF-8"?>
<testng-results ignored="0" total="1" passed="1" failed="0" skipped="0">
  <reporter-output>
  </reporter-output>
  <suite started-at="2026-04-26T14:45:11 GMT+02:00" name="Default suite" finished-at="2026-04-26T14:45:20 GMT+02:00" duration-ms="9047">
    <groups>
    </groups>
    <test started-at="2026-04-26T14:45:11 GMT+02:00" name="Default test" finished-at="2026-04-26T14:45:20 GMT+02:00" duration-ms="9047">
      <class name="frontgate.test">
        <test-method is-config="true" signature="setup()[pri:0, instance:frontgate.test@f5958c9]" started-at="2026-04-26T14:45:11 GMT+02:00" name="setup" finished-at="2026-04-26T14:45:17 GMT+02:00" duration-ms="5464" status="PASS">
          <reporter-output>
          </reporter-output>
        </test-method> <!-- setup -->
        <test-method signature="validLoginTest()[pri:0, instance:frontgate.test@f5958c9]" started-at="2026-04-26T14:45:17 GMT+02:00" name="validLoginTest" finished-at="2026-04-26T14:45:20 GMT+02:00" duration-ms="3156" status="PASS">
          <reporter-output>
          </reporter-output>
        </test-method> <!-- validLoginTest -->
        <test-method is-config="true" signature="tearDown()[pri:0, instance:frontgate.test@f5958c9]" started-at="2026-04-26T14:45:20 GMT+02:00" name="tearDown" finished-at="2026-04-26T14:45:20 GMT+02:00" duration-ms="381" status="PASS">
          <reporter-output>
          </reporter-output>
        </test-method> <!-- tearDown -->
      </class> <!-- frontgate.test -->
    </test> <!-- Default test -->
  </suite> <!-- Default suite -->
</testng-results>
